<?xml version="1.0" encoding="UTF-8"?>
<testsuite xmlns:xsi="http://www.w3.org/2001/XMLSchema-instance" xsi:noNamespaceSchemaLocation="https://maven.apache.org/surefire/maven-surefire-plugin/xsd/surefire-test-report-3.0.xsd" version="3.0" name="br.com.dreerd.bank.hyper.controller.PersonControllerTest" time="1.18" tests="9" errors="0" skipped="0" failures="0">
  <properties>
[...]
</properties>
  <testcase name="mustReturnSuccessWhenDelete" classname="br.com.dreerd.bank.hyper.controller.PersonControllerTest" time="0.012">
    <system-out><![CDATA[2024-08-21T23:57:50.900-03:00  INFO 8573 --- [RomStation] [           main] t.c.s.AnnotationConfigContextLoaderUtils : Could not detect default configuration classes for test class [br.com.dreerd.bank.hyper.controller.PersonControllerTest]: PersonControllerTest does not declare any static, non-private, non-final, nested classes annotated with @Configuration.
2024-08-21T23:57:50.903-03:00  INFO 8573 --- [RomStation] [           main] .b.t.c.SpringBootTestContextBootstrapper : Found @SpringBootConfiguration br.com.dreerd.bank.hyper.HyperApplication for test class br.com.dreerd.bank.hyper.controller.PersonControllerTest
2024-08-21T23:57:50.907-03:00  INFO 8573 --- [RomStation] [           main] o.s.b.d.r.RestartApplicationListener     : Restart disabled due to context in which it is running

  .   ____          _            __ _ _
 /\\ / ___'_ __ _ _(_)_ __  __ _ \ \ \ \
( ( )\___ | '_ | '_| | '_ \/ _` | \ \ \ \
 \\/  ___)| |_)| | | | | || (_| |  ) ) ) )
  '  |____| .__|_| |_|_| |_\__, | / / / /
 =========|_|==============|___/=/_/_/_/

 :: Spring Boot ::                (v3.3.1)

2024-08-21T23:57:50.927-03:00  INFO 8573 --- [RomStation] [           main] b.c.d.b.h.c.PersonControllerTest         : Starting PersonControllerTest using Java 22.0.1 with PID 8573 (started by douglasdreer in /Volumes/HD EXTERNO/projetos/java/Hyper)
2024-08-21T23:57:50.928-03:00  INFO 8573 --- [RomStation] [           main] b.c.d.b.h.c.PersonControllerTest         : No active profile set, falling back to 1 default profile: "default"
2024-08-21T23:57:51.091-03:00  INFO 8573 --- [RomStation] [           main] .s.d.r.c.RepositoryConfigurationDelegate : Bootstrapping Spring Data JPA repositories in DEFAULT mode.
2024-08-21T23:57:51.109-03:00  INFO 8573 --- [RomStation] [           main] .s.d.r.c.RepositoryConfigurationDelegate : Finished Spring Data repository scanning in 17 ms. Found 6 JPA repository interfaces.
2024-08-21T23:57:51.275-03:00  INFO 8573 --- [RomStation] [           main] o.hibernate.jpa.internal.util.LogHelper  : HHH000204: Processing PersistenceUnitInfo [name: default]
2024-08-21T23:57:51.277-03:00  INFO 8573 --- [RomStation] [           main] o.h.c.internal.RegionFactoryInitiator    : HHH000026: Second-level cache disabled
2024-08-21T23:57:51.285-03:00  INFO 8573 --- [RomStation] [           main] o.s.o.j.p.SpringPersistenceUnitInfo      : No LoadTimeWeaver setup: ignoring JPA class transformer
2024-08-21T23:57:51.285-03:00  INFO 8573 --- [RomStation] [           main] com.zaxxer.hikari.HikariDataSource       : HikariPool-6 - Starting...
2024-08-21T23:57:51.313-03:00  INFO 8573 --- [RomStation] [           main] com.zaxxer.hikari.pool.HikariPool        : HikariPool-6 - Added connection org.postgresql.jdbc.PgConnection@23a766bd
2024-08-21T23:57:51.314-03:00  INFO 8573 --- [RomStation] [           main] com.zaxxer.hikari.HikariDataSource       : HikariPool-6 - Start completed.
2024-08-21T23:57:51.316-03:00  WARN 8573 --- [RomStation] [           main] org.hibernate.orm.deprecation            : HHH90000025: PostgreSQLDialect does not need to be specified explicitly using 'hibernate.dialect' (remove the property setting and it will be selected by default)
2024-08-21T23:57:51.534-03:00  INFO 8573 --- [RomStation] [           main] o.h.e.t.j.p.i.JtaPlatformInitiator       : HHH000489: No JTA platform available (set 'hibernate.transaction.jta.platform' to enable JTA platform integration)
2024-08-21T23:57:51.595-03:00  INFO 8573 --- [RomStation] [           main] j.LocalContainerEntityManagerFactoryBean : Initialized JPA EntityManagerFactory for persistence unit 'default'
2024-08-21T23:57:51.742-03:00  WARN 8573 --- [RomStation] [           main] JpaBaseConfiguration$JpaWebConfiguration : spring.jpa.open-in-view is enabled by default. Therefore, database queries may be performed during view rendering. Explicitly configure spring.jpa.open-in-view to disable this warning
2024-08-21T23:57:51.939-03:00  INFO 8573 --- [RomStation] [           main] o.s.b.t.m.w.SpringBootMockServletContext : Initializing Spring TestDispatcherServlet ''
2024-08-21T23:57:51.940-03:00  INFO 8573 --- [RomStation] [           main] o.s.t.web.servlet.TestDispatcherServlet  : Initializing Servlet ''
2024-08-21T23:57:51.941-03:00  INFO 8573 --- [RomStation] [           main] o.s.t.web.servlet.TestDispatcherServlet  : Completed initialization in 1 ms
2024-08-21T23:57:51.958-03:00  INFO 8573 --- [RomStation] [           main] b.c.d.b.h.c.PersonControllerTest         : Started PersonControllerTest in 1.052 seconds (process running for 15.417)

MockHttpServletRequest:
      HTTP Method = DELETE
      Request URI = /persons/4cbb1baf-e7b8-4cb9-840c-9da028eeaf89
       Parameters = {}
          Headers = [Content-Type:"application/json;charset=UTF-8"]
             Body = null
    Session Attrs = {}

Handler:
             Type = br.com.dreerd.bank.hyper.controller.PersonController
           Method = br.com.dreerd.bank.hyper.controller.PersonController#delete(UUID)

Async:
    Async started = false
     Async result = null

Resolved Exception:
             Type = null

ModelAndView:
        View name = null
             View = null
            Model = null

FlashMap:
       Attributes = null

MockHttpServletResponse:
           Status = 200
    Error message = null
          Headers = [Content-Type:"text/plain;charset=UTF-8", Content-Length:"20"]
     Content type = text/plain;charset=UTF-8
             Body = Deleted successfully
    Forwarded URL = null
   Redirected URL = null
          Cookies = []
]]></system-out>
  </testcase>
  <testcase name="mustReturnBusinessExceptionNotFoundWhenDelete" classname="br.com.dreerd.bank.hyper.controller.PersonControllerTest" time="0.011">
    <system-out><![CDATA[
MockHttpServletRequest:
      HTTP Method = DELETE
      Request URI = /persons/e3815887-2cce-4839-94f2-6d1646893829
       Parameters = {}
          Headers = [Content-Type:"application/json;charset=UTF-8"]
             Body = null
    Session Attrs = {}

Handler:
             Type = br.com.dreerd.bank.hyper.controller.PersonController
           Method = br.com.dreerd.bank.hyper.controller.PersonController#delete(UUID)

Async:
    Async started = false
     Async result = null

Resolved Exception:
             Type = br.com.dreerd.bank.hyper.exception.BusinessException

ModelAndView:
        View name = null
             View = null
            Model = null

FlashMap:
       Attributes = null

MockHttpServletResponse:
           Status = 200
    Error message = null
          Headers = [Content-Type:"application/json"]
     Content type = application/json
             Body = {"localDateTime":"2024-08-21T23:57:51.982429","code":"404","status":"INFO","details":"Person doesn't found"}
    Forwarded URL = null
   Redirected URL = null
          Cookies = []
]]></system-out>
  </testcase>
  <testcase name="mustReturnBusinessExceptionNotFoundWhenFindById" classname="br.com.dreerd.bank.hyper.controller.PersonControllerTest" time="0.007">
    <system-out><![CDATA[2024-08-21T23:57:51.994-03:00  INFO 8573 --- [RomStation] [           main] b.c.d.b.h.c.common.BaseController        : Person doesn't found
]]></system-out>
  </testcase>
  <testcase name="mustReturnBusinessExceptionInternalErrorWhenSave" classname="br.com.dreerd.bank.hyper.controller.PersonControllerTest" time="0.016">
    <system-out><![CDATA[
MockHttpServletRequest:
      HTTP Method = POST
      Request URI = /persons
       Parameters = {}
          Headers = [Content-Type:"application/json;charset=UTF-8", Content-Length:"1187"]
             Body = {
  "id" : "c79044f2-eada-4a83-b77b-c6d5659fa509",
  "name" : "John",
  "surname" : "Doe",
  "contacts" : [ {
    "id" : "cda54c52-27b9-4479-892f-4204b561b918",
    "type" : "EMAIL",
    "value" : "your_name@email.com",
    "createdAt" : [ 2024, 8, 21, 23, 57, 52, 369000 ],
    "updatedAt" : [ 2024, 8, 22, 4, 57, 52, 372000 ],
    "active" : true,
    "main" : true
  } ],
  "addresses" : [ {
    "id" : "706a0f62-281e-4fb0-8f2a-1affd18383fa",
    "addressType" : "BUSINESS",
    "street" : "767 5th Ave",
    "number" : "",
    "complement" : "",
    "neighborhood" : "",
    "city" : "New York",
    "state" : "NY",
    "postalCode" : "10153",
    "country" : "US",
    "createdAt" : [ 2024, 8, 21, 23, 57, 52, 447000 ],
    "updatedAt" : [ 2024, 8, 22, 4, 57, 52, 448000 ],
    "active" : true,
    "main" : true
  } ],
  "documents" : [ {
    "id" : "97468d64-2e08-40ff-b4bb-49ea6a405b77",
    "documentType" : "CPF",
    "value" : "123.456.789-00",
    "createdAt" : null,
    "updatedAt" : null,
    "active" : true
  } ],
  "birthday" : [ 2024, 8, 21 ],
  "createdAt" : [ 2024, 8, 21, 23, 57, 52, 503000 ],
  "updatedAt" : [ 2024, 8, 22, 4, 57, 52, 503000 ],
  "active" : true
}
    Session Attrs = {}

Handler:
             Type = br.com.dreerd.bank.hyper.controller.PersonController
           Method = br.com.dreerd.bank.hyper.controller.PersonController#save(BaseModel, HttpServletRequest)

Async:
    Async started = false
     Async result = null

Resolved Exception:
             Type = br.com.dreerd.bank.hyper.exception.BusinessException

ModelAndView:
        View name = null
             View = null
            Model = null

FlashMap:
       Attributes = null

MockHttpServletResponse:
           Status = 200
    Error message = null
          Headers = [Content-Type:"application/json"]
     Content type = application/json
             Body = {"localDateTime":"2024-08-21T23:57:52.010453","code":"500","status":"ERROR","details":"Not has possible save operation"}
    Forwarded URL = null
   Redirected URL = null
          Cookies = []
]]></system-out>
  </testcase>
  <testcase name="mustReturnSuccessWhenEdit" classname="br.com.dreerd.bank.hyper.controller.PersonControllerTest" time="0.023">
    <system-out><![CDATA[
MockHttpServletRequest:
      HTTP Method = PUT
      Request URI = /persons/857df34c-f4c9-4fac-96f8-950aedbe3ecc
       Parameters = {}
          Headers = [Content-Type:"application/json;charset=UTF-8", Content-Length:"1199"]
             Body = {
  "id" : "857df34c-f4c9-4fac-96f8-950aedbe3ecc",
  "name" : "John",
  "surname" : "Doe",
  "contacts" : [ {
    "id" : "81788178-3d07-402e-b13e-933926e57058",
    "type" : "EMAIL",
    "value" : "your_name@email.com",
    "createdAt" : [ 2024, 8, 21, 23, 57, 52, 18309000 ],
    "updatedAt" : [ 2024, 8, 22, 4, 57, 52, 18312000 ],
    "active" : true,
    "main" : true
  } ],
  "addresses" : [ {
    "id" : "98108789-b165-49bf-a5c4-20c0c1b996ec",
    "addressType" : "BUSINESS",
    "street" : "767 5th Ave",
    "number" : "",
    "complement" : "",
    "neighborhood" : "",
    "city" : "New York",
    "state" : "NY",
    "postalCode" : "10153",
    "country" : "US",
    "createdAt" : [ 2024, 8, 21, 23, 57, 52, 18362000 ],
    "updatedAt" : [ 2024, 8, 22, 4, 57, 52, 18362000 ],
    "active" : true,
    "main" : true
  } ],
  "documents" : [ {
    "id" : "a4fb3350-fc87-4579-b0b3-6cfb0179d396",
    "documentType" : "CPF",
    "value" : "123.456.789-00",
    "createdAt" : null,
    "updatedAt" : null,
    "active" : true
  } ],
  "birthday" : [ 2024, 8, 21 ],
  "createdAt" : [ 2024, 8, 21, 23, 57, 52, 18425000 ],
  "updatedAt" : [ 2024, 8, 22, 4, 57, 52, 18426000 ],
  "active" : true
}
    Session Attrs = {}

Handler:
             Type = br.com.dreerd.bank.hyper.controller.PersonController
           Method = br.com.dreerd.bank.hyper.controller.PersonController#edit(UUID, BaseModel)

Async:
    Async started = false
     Async result = null

Resolved Exception:
             Type = null

ModelAndView:
        View name = null
             View = null
            Model = null

FlashMap:
       Attributes = null

MockHttpServletResponse:
           Status = 200
    Error message = null
          Headers = [Content-Type:"application/json"]
     Content type = application/json
             Body = {"id":"857df34c-f4c9-4fac-96f8-950aedbe3ecc","name":"John","surname":"Doe","contacts":[{"id":"81788178-3d07-402e-b13e-933926e57058","type":"EMAIL","value":"your_name@email.com","createdAt":"2024-08-21T23:57:52.018309","updatedAt":"2024-08-22T04:57:52.018312","active":true,"main":true}],"addresses":[{"id":"98108789-b165-49bf-a5c4-20c0c1b996ec","addressType":"BUSINESS","street":"767 5th Ave","number":"","complement":"","neighborhood":"","city":"New York","state":"NY","postalCode":"10153","country":"US","createdAt":"2024-08-21T23:57:52.018362","updatedAt":"2024-08-22T04:57:52.018362","active":true,"main":true}],"documents":[{"id":"a4fb3350-fc87-4579-b0b3-6cfb0179d396","documentType":"CPF","value":"123.456.789-00","createdAt":null,"updatedAt":null,"active":true}],"birthday":"2024-08-21","createdAt":"2024-08-21T23:57:52.018425","updatedAt":"2024-08-22T04:57:52.018426","active":true}
    Forwarded URL = null
   Redirected URL = null
          Cookies = []
]]></system-out>
  </testcase>
  <testcase name="mustReturnSuccessWhenList" classname="br.com.dreerd.bank.hyper.controller.PersonControllerTest" time="0.01"/>
  <testcase name="mustReturnSuccessWhenSave" classname="br.com.dreerd.bank.hyper.controller.PersonControllerTest" time="0.01">
    <system-out><![CDATA[
MockHttpServletRequest:
      HTTP Method = POST
      Request URI = /persons
       Parameters = {}
          Headers = [Content-Type:"application/json;charset=UTF-8", Content-Length:"1199"]
             Body = {
  "id" : "6de003ab-9a03-4563-b64a-5429241f2ae8",
  "name" : "John",
  "surname" : "Doe",
  "contacts" : [ {
    "id" : "bab3b938-a649-40a5-9ed1-4f82d02a4f68",
    "type" : "EMAIL",
    "value" : "your_name@email.com",
    "createdAt" : [ 2024, 8, 21, 23, 57, 52, 55590000 ],
    "updatedAt" : [ 2024, 8, 22, 4, 57, 52, 55594000 ],
    "active" : true,
    "main" : true
  } ],
  "addresses" : [ {
    "id" : "b2d24ec7-882e-4172-94e9-5e9bc5cb4423",
    "addressType" : "BUSINESS",
    "street" : "767 5th Ave",
    "number" : "",
    "complement" : "",
    "neighborhood" : "",
    "city" : "New York",
    "state" : "NY",
    "postalCode" : "10153",
    "country" : "US",
    "createdAt" : [ 2024, 8, 21, 23, 57, 52, 55651000 ],
    "updatedAt" : [ 2024, 8, 22, 4, 57, 52, 55651000 ],
    "active" : true,
    "main" : true
  } ],
  "documents" : [ {
    "id" : "753a6d8d-0fdf-4f10-88a8-74a003c2d161",
    "documentType" : "CPF",
    "value" : "123.456.789-00",
    "createdAt" : null,
    "updatedAt" : null,
    "active" : true
  } ],
  "birthday" : [ 2024, 8, 21 ],
  "createdAt" : [ 2024, 8, 21, 23, 57, 52, 55691000 ],
  "updatedAt" : [ 2024, 8, 22, 4, 57, 52, 55691000 ],
  "active" : true
}
    Session Attrs = {}

Handler:
             Type = br.com.dreerd.bank.hyper.controller.PersonController
           Method = br.com.dreerd.bank.hyper.controller.PersonController#save(BaseModel, HttpServletRequest)

Async:
    Async started = false
     Async result = null

Resolved Exception:
             Type = null

ModelAndView:
        View name = null
             View = null
            Model = null

FlashMap:
       Attributes = null

MockHttpServletResponse:
           Status = 201
    Error message = null
          Headers = [Location:"http://localhost/persons/6de003ab-9a03-4563-b64a-5429241f2ae8", Content-Type:"application/json"]
     Content type = application/json
             Body = {"id":"6de003ab-9a03-4563-b64a-5429241f2ae8","name":"John","surname":"Doe","contacts":[{"id":"bab3b938-a649-40a5-9ed1-4f82d02a4f68","type":"EMAIL","value":"your_name@email.com","createdAt":"2024-08-21T23:57:52.05559","updatedAt":"2024-08-22T04:57:52.055594","active":true,"main":true}],"addresses":[{"id":"b2d24ec7-882e-4172-94e9-5e9bc5cb4423","addressType":"BUSINESS","street":"767 5th Ave","number":"","complement":"","neighborhood":"","city":"New York","state":"NY","postalCode":"10153","country":"US","createdAt":"2024-08-21T23:57:52.055651","updatedAt":"2024-08-22T04:57:52.055651","active":true,"main":true}],"documents":[{"id":"753a6d8d-0fdf-4f10-88a8-74a003c2d161","documentType":"CPF","value":"123.456.789-00","createdAt":null,"updatedAt":null,"active":true}],"birthday":"2024-08-21","createdAt":"2024-08-21T23:57:52.055691","updatedAt":"2024-08-22T04:57:52.055691","active":true}
    Forwarded URL = null
   Redirected URL = http://localhost/persons/6de003ab-9a03-4563-b64a-5429241f2ae8
          Cookies = []
]]></system-out>
  </testcase>
  <testcase name="mustReturnSuccessWhenFindById" classname="br.com.dreerd.bank.hyper.controller.PersonControllerTest" time="0.006"/>
  <testcase name="mustReturnBusinessExceptionNotFoundWhenEdit" classname="br.com.dreerd.bank.hyper.controller.PersonControllerTest" time="0.008">
    <system-out><![CDATA[
MockHttpServletRequest:
      HTTP Method = PUT
      Request URI = /persons/2c84ce3f-8229-4aa9-a2d2-101b6e6cc818
       Parameters = {}
          Headers = [Content-Type:"application/json;charset=UTF-8", Content-Length:"1199"]
             Body = {
  "id" : "2c84ce3f-8229-4aa9-a2d2-101b6e6cc818",
  "name" : "John",
  "surname" : "Doe",
  "contacts" : [ {
    "id" : "5cec10ef-1235-4492-bc7f-976b06ead875",
    "type" : "EMAIL",
    "value" : "your_name@email.com",
    "createdAt" : [ 2024, 8, 21, 23, 57, 52, 73015000 ],
    "updatedAt" : [ 2024, 8, 22, 4, 57, 52, 73019000 ],
    "active" : true,
    "main" : true
  } ],
  "addresses" : [ {
    "id" : "a1474eed-3313-4058-a4c3-a0793edb1c55",
    "addressType" : "BUSINESS",
    "street" : "767 5th Ave",
    "number" : "",
    "complement" : "",
    "neighborhood" : "",
    "city" : "New York",
    "state" : "NY",
    "postalCode" : "10153",
    "country" : "US",
    "createdAt" : [ 2024, 8, 21, 23, 57, 52, 73076000 ],
    "updatedAt" : [ 2024, 8, 22, 4, 57, 52, 73076000 ],
    "active" : true,
    "main" : true
  } ],
  "documents" : [ {
    "id" : "1b3ae3e2-8191-43d2-bac2-e50b9e1cbe61",
    "documentType" : "CPF",
    "value" : "123.456.789-00",
    "createdAt" : null,
    "updatedAt" : null,
    "active" : true
  } ],
  "birthday" : [ 2024, 8, 21 ],
  "createdAt" : [ 2024, 8, 21, 23, 57, 52, 73119000 ],
  "updatedAt" : [ 2024, 8, 22, 4, 57, 52, 73119000 ],
  "active" : true
}
    Session Attrs = {}

Handler:
             Type = br.com.dreerd.bank.hyper.controller.PersonController
           Method = br.com.dreerd.bank.hyper.controller.PersonController#edit(UUID, BaseModel)

Async:
    Async started = false
     Async result = null

Resolved Exception:
             Type = br.com.dreerd.bank.hyper.exception.BusinessException

ModelAndView:
        View name = null
             View = null
            Model = null

FlashMap:
       Attributes = null

MockHttpServletResponse:
           Status = 200
    Error message = null
          Headers = [Content-Type:"application/json"]
     Content type = application/json
             Body = {"localDateTime":"2024-08-21T23:57:52.075809","code":"404","status":"INFO","details":"Person doesn't found"}
    Forwarded URL = null
   Redirected URL = null
          Cookies = []
]]></system-out>
  </testcase>
</testsuite>