<?xml version="1.0" encoding="UTF-8"?>
<testsuite xmlns:xsi="http://www.w3.org/2001/XMLSchema-instance" xsi:noNamespaceSchemaLocation="https://maven.apache.org/surefire/maven-surefire-plugin/xsd/surefire-test-report-3.0.xsd" version="3.0" name="br.com.dreerd.bank.hyper.controller.AddressControllerTest" time="1.628" tests="9" errors="0" skipped="0" failures="0">
  <properties>
[...]
</properties>
  <testcase name="mustReturnSuccessWhenDelete" classname="br.com.dreerd.bank.hyper.controller.AddressControllerTest" time="0.012">
    <system-out><![CDATA[2024-08-21T23:57:47.879-03:00  INFO 8573 --- [RomStation] [           main] t.c.s.AnnotationConfigContextLoaderUtils : Could not detect default configuration classes for test class [br.com.dreerd.bank.hyper.controller.AddressControllerTest]: AddressControllerTest does not declare any static, non-private, non-final, nested classes annotated with @Configuration.
2024-08-21T23:57:47.883-03:00  INFO 8573 --- [RomStation] [           main] .b.t.c.SpringBootTestContextBootstrapper : Found @SpringBootConfiguration br.com.dreerd.bank.hyper.HyperApplication for test class br.com.dreerd.bank.hyper.controller.AddressControllerTest
2024-08-21T23:57:47.888-03:00  INFO 8573 --- [RomStation] [           main] o.s.b.d.r.RestartApplicationListener     : Restart disabled due to context in which it is running

  .   ____          _            __ _ _
 /\\ / ___'_ __ _ _(_)_ __  __ _ \ \ \ \
( ( )\___ | '_ | '_| | '_ \/ _` | \ \ \ \
 \\/  ___)| |_)| | | | | || (_| |  ) ) ) )
  '  |____| .__|_| |_|_| |_\__, | / / / /
 =========|_|==============|___/=/_/_/_/

 :: Spring Boot ::                (v3.3.1)

2024-08-21T23:57:47.916-03:00  INFO 8573 --- [RomStation] [           main] b.c.d.b.h.c.AddressControllerTest        : Starting AddressControllerTest using Java 22.0.1 with PID 8573 (started by douglasdreer in /Volumes/HD EXTERNO/projetos/java/Hyper)
2024-08-21T23:57:47.916-03:00  INFO 8573 --- [RomStation] [           main] b.c.d.b.h.c.AddressControllerTest        : No active profile set, falling back to 1 default profile: "default"
2024-08-21T23:57:48.162-03:00  INFO 8573 --- [RomStation] [           main] .s.d.r.c.RepositoryConfigurationDelegate : Bootstrapping Spring Data JPA repositories in DEFAULT mode.
2024-08-21T23:57:48.186-03:00  INFO 8573 --- [RomStation] [           main] .s.d.r.c.RepositoryConfigurationDelegate : Finished Spring Data repository scanning in 24 ms. Found 6 JPA repository interfaces.
2024-08-21T23:57:48.440-03:00  INFO 8573 --- [RomStation] [           main] o.hibernate.jpa.internal.util.LogHelper  : HHH000204: Processing PersistenceUnitInfo [name: default]
2024-08-21T23:57:48.443-03:00  INFO 8573 --- [RomStation] [           main] o.h.c.internal.RegionFactoryInitiator    : HHH000026: Second-level cache disabled
2024-08-21T23:57:48.453-03:00  INFO 8573 --- [RomStation] [           main] o.s.o.j.p.SpringPersistenceUnitInfo      : No LoadTimeWeaver setup: ignoring JPA class transformer
2024-08-21T23:57:48.454-03:00  INFO 8573 --- [RomStation] [           main] com.zaxxer.hikari.HikariDataSource       : HikariPool-4 - Starting...
2024-08-21T23:57:48.484-03:00  INFO 8573 --- [RomStation] [           main] com.zaxxer.hikari.pool.HikariPool        : HikariPool-4 - Added connection org.postgresql.jdbc.PgConnection@8e49207
2024-08-21T23:57:48.484-03:00  INFO 8573 --- [RomStation] [           main] com.zaxxer.hikari.HikariDataSource       : HikariPool-4 - Start completed.
2024-08-21T23:57:48.487-03:00  WARN 8573 --- [RomStation] [           main] org.hibernate.orm.deprecation            : HHH90000025: PostgreSQLDialect does not need to be specified explicitly using 'hibernate.dialect' (remove the property setting and it will be selected by default)
2024-08-21T23:57:48.719-03:00  INFO 8573 --- [RomStation] [           main] o.h.e.t.j.p.i.JtaPlatformInitiator       : HHH000489: No JTA platform available (set 'hibernate.transaction.jta.platform' to enable JTA platform integration)
2024-08-21T23:57:48.783-03:00  INFO 8573 --- [RomStation] [           main] j.LocalContainerEntityManagerFactoryBean : Initialized JPA EntityManagerFactory for persistence unit 'default'
2024-08-21T23:57:49.030-03:00  WARN 8573 --- [RomStation] [           main] JpaBaseConfiguration$JpaWebConfiguration : spring.jpa.open-in-view is enabled by default. Therefore, database queries may be performed during view rendering. Explicitly configure spring.jpa.open-in-view to disable this warning
2024-08-21T23:57:49.360-03:00  INFO 8573 --- [RomStation] [           main] o.s.b.t.m.w.SpringBootMockServletContext : Initializing Spring TestDispatcherServlet ''
2024-08-21T23:57:49.361-03:00  INFO 8573 --- [RomStation] [           main] o.s.t.web.servlet.TestDispatcherServlet  : Initializing Servlet ''
2024-08-21T23:57:49.362-03:00  INFO 8573 --- [RomStation] [           main] o.s.t.web.servlet.TestDispatcherServlet  : Completed initialization in 1 ms
2024-08-21T23:57:49.389-03:00  INFO 8573 --- [RomStation] [           main] b.c.d.b.h.c.AddressControllerTest        : Started AddressControllerTest in 1.501 seconds (process running for 12.848)

MockHttpServletRequest:
      HTTP Method = DELETE
      Request URI = /addresses/e74d0ffb-2c17-4790-98b7-bf4e3e41f507
       Parameters = {}
          Headers = [Content-Type:"application/json;charset=UTF-8"]
             Body = null
    Session Attrs = {}

Handler:
             Type = br.com.dreerd.bank.hyper.controller.AddressController
           Method = br.com.dreerd.bank.hyper.controller.AddressController#delete(UUID)

Async:
    Async started = false
     Async result = null

Resolved Exception:
             Type = null

ModelAndView:
        View name = null
             View = null
            Model = null

FlashMap:
       Attributes = null

MockHttpServletResponse:
           Status = 200
    Error message = null
          Headers = [Content-Type:"text/plain;charset=UTF-8", Content-Length:"20"]
     Content type = text/plain;charset=UTF-8
             Body = Deleted successfully
    Forwarded URL = null
   Redirected URL = null
          Cookies = []
]]></system-out>
  </testcase>
  <testcase name="mustReturnBusinessExceptionNotFoundWhenDelete" classname="br.com.dreerd.bank.hyper.controller.AddressControllerTest" time="0.011">
    <system-out><![CDATA[
MockHttpServletRequest:
      HTTP Method = DELETE
      Request URI = /addresses/f5ee9c4d-3979-451b-83c6-a15aa6a86710
       Parameters = {}
          Headers = [Content-Type:"application/json;charset=UTF-8"]
             Body = null
    Session Attrs = {}

Handler:
             Type = br.com.dreerd.bank.hyper.controller.AddressController
           Method = br.com.dreerd.bank.hyper.controller.AddressController#delete(UUID)

Async:
    Async started = false
     Async result = null

Resolved Exception:
             Type = br.com.dreerd.bank.hyper.exception.BusinessException

ModelAndView:
        View name = null
             View = null
            Model = null

FlashMap:
       Attributes = null

MockHttpServletResponse:
           Status = 200
    Error message = null
          Headers = [Content-Type:"application/json"]
     Content type = application/json
             Body = {"localDateTime":"2024-08-21T23:57:49.411545","code":"404","status":"INFO","details":"Address doesn't found"}
    Forwarded URL = null
   Redirected URL = null
          Cookies = []
]]></system-out>
  </testcase>
  <testcase name="mustReturnBusinessExceptionNotFoundWhenFindById" classname="br.com.dreerd.bank.hyper.controller.AddressControllerTest" time="0.009">
    <system-out><![CDATA[2024-08-21T23:57:49.425-03:00  INFO 8573 --- [RomStation] [           main] b.c.d.b.h.c.common.BaseController        : Address doesn't found
]]></system-out>
  </testcase>
  <testcase name="mustReturnBusinessExceptionInternalErrorWhenSave" classname="br.com.dreerd.bank.hyper.controller.AddressControllerTest" time="0.013">
    <system-out><![CDATA[
MockHttpServletRequest:
      HTTP Method = POST
      Request URI = /addresses
       Parameters = {}
          Headers = [Content-Type:"application/json;charset=UTF-8", Content-Length:"404"]
             Body = {
  "id" : "a88d4a1b-ecda-45c7-b7af-f9d5222bc043",
  "addressType" : "BUSINESS",
  "street" : "767 5th Ave",
  "number" : "",
  "complement" : "",
  "neighborhood" : "",
  "city" : "New York",
  "state" : "NY",
  "postalCode" : "10153",
  "country" : "US",
  "createdAt" : [ 2024, 8, 21, 23, 57, 49, 433060000 ],
  "updatedAt" : [ 2024, 8, 22, 4, 57, 49, 433064000 ],
  "active" : true,
  "main" : true
}
    Session Attrs = {}

Handler:
             Type = br.com.dreerd.bank.hyper.controller.AddressController
           Method = br.com.dreerd.bank.hyper.controller.AddressController#save(BaseModel, HttpServletRequest)

Async:
    Async started = false
     Async result = null

Resolved Exception:
             Type = br.com.dreerd.bank.hyper.exception.BusinessException

ModelAndView:
        View name = null
             View = null
            Model = null

FlashMap:
       Attributes = null

MockHttpServletResponse:
           Status = 200
    Error message = null
          Headers = [Content-Type:"application/json"]
     Content type = application/json
             Body = {"localDateTime":"2024-08-21T23:57:49.439117","code":"500","status":"ERROR","details":"Not has possible save operation"}
    Forwarded URL = null
   Redirected URL = null
          Cookies = []
]]></system-out>
  </testcase>
  <testcase name="mustReturnSuccessWhenEdit" classname="br.com.dreerd.bank.hyper.controller.AddressControllerTest" time="0.016">
    <system-out><![CDATA[
MockHttpServletRequest:
      HTTP Method = PUT
      Request URI = /addresses/5e03d631-6b1d-4172-856c-2b9bf9846450
       Parameters = {}
          Headers = [Content-Type:"application/json;charset=UTF-8", Content-Length:"404"]
             Body = {
  "id" : "5e03d631-6b1d-4172-856c-2b9bf9846450",
  "addressType" : "BUSINESS",
  "street" : "767 5th Ave",
  "number" : "",
  "complement" : "",
  "neighborhood" : "",
  "city" : "New York",
  "state" : "NY",
  "postalCode" : "10153",
  "country" : "US",
  "createdAt" : [ 2024, 8, 21, 23, 57, 49, 448842000 ],
  "updatedAt" : [ 2024, 8, 22, 4, 57, 49, 448846000 ],
  "active" : true,
  "main" : true
}
    Session Attrs = {}

Handler:
             Type = br.com.dreerd.bank.hyper.controller.AddressController
           Method = br.com.dreerd.bank.hyper.controller.AddressController#edit(UUID, BaseModel)

Async:
    Async started = false
     Async result = null

Resolved Exception:
             Type = null

ModelAndView:
        View name = null
             View = null
            Model = null

FlashMap:
       Attributes = null

MockHttpServletResponse:
           Status = 200
    Error message = null
          Headers = [Content-Type:"application/json"]
     Content type = application/json
             Body = {"id":"5e03d631-6b1d-4172-856c-2b9bf9846450","addressType":"BUSINESS","street":"767 5th Ave","number":"","complement":"","neighborhood":"","city":"New York","state":"NY","postalCode":"10153","country":"US","createdAt":"2024-08-21T23:57:49.448842","updatedAt":"2024-08-22T04:57:49.448846","active":true,"main":true}
    Forwarded URL = null
   Redirected URL = null
          Cookies = []
]]></system-out>
  </testcase>
  <testcase name="mustReturnSuccessWhenList" classname="br.com.dreerd.bank.hyper.controller.AddressControllerTest" time="0.009"/>
  <testcase name="mustReturnSuccessWhenSave" classname="br.com.dreerd.bank.hyper.controller.AddressControllerTest" time="0.009">
    <system-out><![CDATA[
MockHttpServletRequest:
      HTTP Method = POST
      Request URI = /addresses
       Parameters = {}
          Headers = [Content-Type:"application/json;charset=UTF-8", Content-Length:"404"]
             Body = {
  "id" : "3001d2c0-2c4b-4ae8-b1e1-e6f0e9c75caa",
  "addressType" : "BUSINESS",
  "street" : "767 5th Ave",
  "number" : "",
  "complement" : "",
  "neighborhood" : "",
  "city" : "New York",
  "state" : "NY",
  "postalCode" : "10153",
  "country" : "US",
  "createdAt" : [ 2024, 8, 21, 23, 57, 49, 476263000 ],
  "updatedAt" : [ 2024, 8, 22, 4, 57, 49, 476267000 ],
  "active" : true,
  "main" : true
}
    Session Attrs = {}

Handler:
             Type = br.com.dreerd.bank.hyper.controller.AddressController
           Method = br.com.dreerd.bank.hyper.controller.AddressController#save(BaseModel, HttpServletRequest)

Async:
    Async started = false
     Async result = null

Resolved Exception:
             Type = null

ModelAndView:
        View name = null
             View = null
            Model = null

FlashMap:
       Attributes = null

MockHttpServletResponse:
           Status = 201
    Error message = null
          Headers = [Location:"http://localhost/addresses/3001d2c0-2c4b-4ae8-b1e1-e6f0e9c75caa", Content-Type:"application/json"]
     Content type = application/json
             Body = {"id":"3001d2c0-2c4b-4ae8-b1e1-e6f0e9c75caa","addressType":"BUSINESS","street":"767 5th Ave","number":"","complement":"","neighborhood":"","city":"New York","state":"NY","postalCode":"10153","country":"US","createdAt":"2024-08-21T23:57:49.476263","updatedAt":"2024-08-22T04:57:49.476267","active":true,"main":true}
    Forwarded URL = null
   Redirected URL = http://localhost/addresses/3001d2c0-2c4b-4ae8-b1e1-e6f0e9c75caa
          Cookies = []
]]></system-out>
  </testcase>
  <testcase name="mustReturnSuccessWhenFindById" classname="br.com.dreerd.bank.hyper.controller.AddressControllerTest" time="0.009"/>
  <testcase name="mustReturnBusinessExceptionNotFoundWhenEdit" classname="br.com.dreerd.bank.hyper.controller.AddressControllerTest" time="0.011">
    <system-out><![CDATA[
MockHttpServletRequest:
      HTTP Method = PUT
      Request URI = /addresses/94d886ff-e2a0-454e-ae89-227845c68f81
       Parameters = {}
          Headers = [Content-Type:"application/json;charset=UTF-8", Content-Length:"404"]
             Body = {
  "id" : "94d886ff-e2a0-454e-ae89-227845c68f81",
  "addressType" : "BUSINESS",
  "street" : "767 5th Ave",
  "number" : "",
  "complement" : "",
  "neighborhood" : "",
  "city" : "New York",
  "state" : "NY",
  "postalCode" : "10153",
  "country" : "US",
  "createdAt" : [ 2024, 8, 21, 23, 57, 49, 496924000 ],
  "updatedAt" : [ 2024, 8, 22, 4, 57, 49, 496928000 ],
  "active" : true,
  "main" : true
}
    Session Attrs = {}

Handler:
             Type = br.com.dreerd.bank.hyper.controller.AddressController
           Method = br.com.dreerd.bank.hyper.controller.AddressController#edit(UUID, BaseModel)

Async:
    Async started = false
     Async result = null

Resolved Exception:
             Type = br.com.dreerd.bank.hyper.exception.BusinessException

ModelAndView:
        View name = null
             View = null
            Model = null

FlashMap:
       Attributes = null

MockHttpServletResponse:
           Status = 200
    Error message = null
          Headers = [Content-Type:"application/json"]
     Content type = application/json
             Body = {"localDateTime":"2024-08-21T23:57:49.500324","code":"404","status":"INFO","details":"Address doesn't found"}
    Forwarded URL = null
   Redirected URL = null
          Cookies = []
]]></system-out>
  </testcase>
</testsuite>