<?xml version="1.0" encoding="UTF-8"?>
<testsuite xmlns:xsi="http://www.w3.org/2001/XMLSchema-instance" xsi:noNamespaceSchemaLocation="https://maven.apache.org/surefire/maven-surefire-plugin/xsd/surefire-test-report-3.0.xsd" version="3.0" name="br.com.dreerd.bank.hyper.controller.AccountControllerTest" time="2.071" tests="20" errors="0" skipped="0" failures="0">
  <properties>
[...]
</properties>
  <testcase name="mustReturnSuccessWhenDelete" classname="br.com.dreerd.bank.hyper.controller.AccountControllerTest" time="0.026">
    <system-out><![CDATA[2024-08-21T23:57:45.804-03:00  INFO 8573 --- [RomStation] [           main] t.c.s.AnnotationConfigContextLoaderUtils : Could not detect default configuration classes for test class [br.com.dreerd.bank.hyper.controller.AccountControllerTest]: AccountControllerTest does not declare any static, non-private, non-final, nested classes annotated with @Configuration.
2024-08-21T23:57:45.808-03:00  INFO 8573 --- [RomStation] [           main] .b.t.c.SpringBootTestContextBootstrapper : Found @SpringBootConfiguration br.com.dreerd.bank.hyper.HyperApplication for test class br.com.dreerd.bank.hyper.controller.AccountControllerTest
2024-08-21T23:57:45.811-03:00  INFO 8573 --- [RomStation] [           main] o.s.b.d.r.RestartApplicationListener     : Restart disabled due to context in which it is running

  .   ____          _            __ _ _
 /\\ / ___'_ __ _ _(_)_ __  __ _ \ \ \ \
( ( )\___ | '_ | '_| | '_ \/ _` | \ \ \ \
 \\/  ___)| |_)| | | | | || (_| |  ) ) ) )
  '  |____| .__|_| |_|_| |_\__, | / / / /
 =========|_|==============|___/=/_/_/_/

 :: Spring Boot ::                (v3.3.1)

2024-08-21T23:57:45.832-03:00  INFO 8573 --- [RomStation] [           main] b.c.d.b.h.c.AccountControllerTest        : Starting AccountControllerTest using Java 22.0.1 with PID 8573 (started by douglasdreer in /Volumes/HD EXTERNO/projetos/java/Hyper)
2024-08-21T23:57:45.832-03:00  INFO 8573 --- [RomStation] [           main] b.c.d.b.h.c.AccountControllerTest        : No active profile set, falling back to 1 default profile: "default"
2024-08-21T23:57:46.025-03:00  INFO 8573 --- [RomStation] [           main] .s.d.r.c.RepositoryConfigurationDelegate : Bootstrapping Spring Data JPA repositories in DEFAULT mode.
2024-08-21T23:57:46.048-03:00  INFO 8573 --- [RomStation] [           main] .s.d.r.c.RepositoryConfigurationDelegate : Finished Spring Data repository scanning in 22 ms. Found 6 JPA repository interfaces.
2024-08-21T23:57:46.386-03:00  INFO 8573 --- [RomStation] [           main] o.hibernate.jpa.internal.util.LogHelper  : HHH000204: Processing PersistenceUnitInfo [name: default]
2024-08-21T23:57:46.390-03:00  INFO 8573 --- [RomStation] [           main] o.h.c.internal.RegionFactoryInitiator    : HHH000026: Second-level cache disabled
2024-08-21T23:57:46.402-03:00  INFO 8573 --- [RomStation] [           main] o.s.o.j.p.SpringPersistenceUnitInfo      : No LoadTimeWeaver setup: ignoring JPA class transformer
2024-08-21T23:57:46.403-03:00  INFO 8573 --- [RomStation] [           main] com.zaxxer.hikari.HikariDataSource       : HikariPool-3 - Starting...
2024-08-21T23:57:46.436-03:00  INFO 8573 --- [RomStation] [           main] com.zaxxer.hikari.pool.HikariPool        : HikariPool-3 - Added connection org.postgresql.jdbc.PgConnection@81e3459
2024-08-21T23:57:46.436-03:00  INFO 8573 --- [RomStation] [           main] com.zaxxer.hikari.HikariDataSource       : HikariPool-3 - Start completed.
2024-08-21T23:57:46.439-03:00  WARN 8573 --- [RomStation] [           main] org.hibernate.orm.deprecation            : HHH90000025: PostgreSQLDialect does not need to be specified explicitly using 'hibernate.dialect' (remove the property setting and it will be selected by default)
2024-08-21T23:57:46.777-03:00  INFO 8573 --- [RomStation] [           main] o.h.e.t.j.p.i.JtaPlatformInitiator       : HHH000489: No JTA platform available (set 'hibernate.transaction.jta.platform' to enable JTA platform integration)
2024-08-21T23:57:46.846-03:00  INFO 8573 --- [RomStation] [           main] j.LocalContainerEntityManagerFactoryBean : Initialized JPA EntityManagerFactory for persistence unit 'default'
2024-08-21T23:57:47.132-03:00  WARN 8573 --- [RomStation] [           main] JpaBaseConfiguration$JpaWebConfiguration : spring.jpa.open-in-view is enabled by default. Therefore, database queries may be performed during view rendering. Explicitly configure spring.jpa.open-in-view to disable this warning
2024-08-21T23:57:47.499-03:00  INFO 8573 --- [RomStation] [           main] o.s.b.t.m.w.SpringBootMockServletContext : Initializing Spring TestDispatcherServlet ''
2024-08-21T23:57:47.500-03:00  INFO 8573 --- [RomStation] [           main] o.s.t.web.servlet.TestDispatcherServlet  : Initializing Servlet ''
2024-08-21T23:57:47.501-03:00  INFO 8573 --- [RomStation] [           main] o.s.t.web.servlet.TestDispatcherServlet  : Completed initialization in 1 ms
2024-08-21T23:57:47.535-03:00  INFO 8573 --- [RomStation] [           main] b.c.d.b.h.c.AccountControllerTest        : Started AccountControllerTest in 1.725 seconds (process running for 10.994)

MockHttpServletRequest:
      HTTP Method = DELETE
      Request URI = /accounts/d8bf21c8-3a80-4012-8095-422aa53eab71
       Parameters = {}
          Headers = [Content-Type:"application/json;charset=UTF-8"]
             Body = null
    Session Attrs = {}

Handler:
             Type = br.com.dreerd.bank.hyper.controller.AccountController
           Method = br.com.dreerd.bank.hyper.controller.AccountController#delete(UUID)

Async:
    Async started = false
     Async result = null

Resolved Exception:
             Type = null

ModelAndView:
        View name = null
             View = null
            Model = null

FlashMap:
       Attributes = null

MockHttpServletResponse:
           Status = 200
    Error message = null
          Headers = [Content-Type:"text/plain;charset=UTF-8", Content-Length:"20"]
     Content type = text/plain;charset=UTF-8
             Body = Deleted successfully
    Forwarded URL = null
   Redirected URL = null
          Cookies = []
]]></system-out>
  </testcase>
  <testcase name="mustReturnBusinessExceptionNotFoundWhenDelete" classname="br.com.dreerd.bank.hyper.controller.AccountControllerTest" time="0.015">
    <system-out><![CDATA[
MockHttpServletRequest:
      HTTP Method = DELETE
      Request URI = /accounts/62f833fd-e549-457a-9e15-3b707339af50
       Parameters = {}
          Headers = [Content-Type:"application/json;charset=UTF-8"]
             Body = null
    Session Attrs = {}

Handler:
             Type = br.com.dreerd.bank.hyper.controller.AccountController
           Method = br.com.dreerd.bank.hyper.controller.AccountController#delete(UUID)

Async:
    Async started = false
     Async result = null

Resolved Exception:
             Type = br.com.dreerd.bank.hyper.exception.BusinessException

ModelAndView:
        View name = null
             View = null
            Model = null

FlashMap:
       Attributes = null

MockHttpServletResponse:
           Status = 200
    Error message = null
          Headers = [Content-Type:"application/json"]
     Content type = application/json
             Body = {"localDateTime":"2024-08-21T23:57:47.576935","code":"404","status":"INFO","details":"Account doesn't found"}
    Forwarded URL = null
   Redirected URL = null
          Cookies = []
]]></system-out>
  </testcase>
  <testcase name="mustReturnBusinessExceptionWhenInternalTransfer" classname="br.com.dreerd.bank.hyper.controller.AccountControllerTest" time="0.023">
    <system-out><![CDATA[2024-08-21T23:57:47.606-03:00  INFO 8573 --- [RomStation] [           main] b.c.d.b.h.controller.AccountController   : Account doesn't found
]]></system-out>
  </testcase>
  <testcase name="mustReturnSuccessWhenWithdrawal" classname="br.com.dreerd.bank.hyper.controller.AccountControllerTest" time="0.009"/>
  <testcase name="mustReturnBusinessExceptionBadRquestWhenEdit" classname="br.com.dreerd.bank.hyper.controller.AccountControllerTest" time="0.035">
    <system-out><![CDATA[
MockHttpServletRequest:
      HTTP Method = PUT
      Request URI = /accounts/c52b9b08-e0b5-4a87-84fd-5ec6775d985c
       Parameters = {}
          Headers = [Content-Type:"application/json;charset=UTF-8", Content-Length:"1521"]
             Body = {
  "id" : "9f3c82de-cae7-47f1-aa85-d3964bd73e47",
  "number" : 1,
  "person" : {
    "id" : "66702c05-f1c1-4206-914f-ccd5cfda2290",
    "name" : "John",
    "surname" : "Doe",
    "contacts" : [ {
      "id" : "b6aa20dd-defb-45e3-8727-d2c8237924bd",
      "type" : "EMAIL",
      "value" : "your_name@email.com",
      "createdAt" : [ 2024, 8, 21, 23, 57, 47, 626633000 ],
      "updatedAt" : [ 2024, 8, 22, 4, 57, 47, 626652000 ],
      "active" : true,
      "main" : true
    } ],
    "addresses" : [ {
      "id" : "155c201b-f3c1-4215-a4df-d25b29ac91d7",
      "addressType" : "BUSINESS",
      "street" : "767 5th Ave",
      "number" : "",
      "complement" : "",
      "neighborhood" : "",
      "city" : "New York",
      "state" : "NY",
      "postalCode" : "10153",
      "country" : "US",
      "createdAt" : [ 2024, 8, 21, 23, 57, 47, 626745000 ],
      "updatedAt" : [ 2024, 8, 22, 4, 57, 47, 626751000 ],
      "active" : true,
      "main" : true
    } ],
    "documents" : [ {
      "id" : "06d1040f-897e-4941-96bb-b91a12bc287c",
      "documentType" : "CPF",
      "value" : "123.456.789-00",
      "createdAt" : null,
      "updatedAt" : null,
      "active" : true
    } ],
    "birthday" : [ 2024, 8, 21 ],
    "createdAt" : [ 2024, 8, 21, 23, 57, 47, 626834000 ],
    "updatedAt" : [ 2024, 8, 22, 4, 57, 47, 626837000 ],
    "active" : true
  },
  "balance" : 100000,
  "createdAt" : [ 2024, 8, 21, 23, 57, 47, 626887000 ],
  "updatedAt" : [ 2024, 8, 22, 4, 57, 47, 626955000 ],
  "active" : true
}
    Session Attrs = {}

Handler:
             Type = br.com.dreerd.bank.hyper.controller.AccountController
           Method = br.com.dreerd.bank.hyper.controller.AccountController#edit(UUID, BaseModel)

Async:
    Async started = false
     Async result = null

Resolved Exception:
             Type = br.com.dreerd.bank.hyper.exception.BusinessException

ModelAndView:
        View name = null
             View = null
            Model = null

FlashMap:
       Attributes = null

MockHttpServletResponse:
           Status = 200
    Error message = null
          Headers = [Content-Type:"application/json"]
     Content type = application/json
             Body = {"localDateTime":"2024-08-21T23:57:47.654601","code":"400","status":"WARNING","details":"Identification not equals"}
    Forwarded URL = null
   Redirected URL = null
          Cookies = []
]]></system-out>
  </testcase>
  <testcase name="mustReturnSuccessWhenDeposit" classname="br.com.dreerd.bank.hyper.controller.AccountControllerTest" time="0.009"/>
  <testcase name="mustReturnSuccessWhenFindByAccountNumber" classname="br.com.dreerd.bank.hyper.controller.AccountControllerTest" time="0.036"/>
  <testcase name="mustReturnBusinessExceptionNotFoundWhenFindById" classname="br.com.dreerd.bank.hyper.controller.AccountControllerTest" time="0.009">
    <system-out><![CDATA[2024-08-21T23:57:47.714-03:00  INFO 8573 --- [RomStation] [           main] b.c.d.b.h.c.common.BaseController        : Account doesn't found
]]></system-out>
  </testcase>
  <testcase name="mustReturnBusinessExceptionNotFoundWhenGetBalance" classname="br.com.dreerd.bank.hyper.controller.AccountControllerTest" time="0.011">
    <system-out><![CDATA[2024-08-21T23:57:47.726-03:00  INFO 8573 --- [RomStation] [           main] b.c.d.b.h.controller.AccountController   : Account doesn't found
]]></system-out>
  </testcase>
  <testcase name="mustReturnBusinessExceptionWhenWithdrawal" classname="br.com.dreerd.bank.hyper.controller.AccountControllerTest" time="0.012">
    <system-out><![CDATA[2024-08-21T23:57:47.739-03:00  INFO 8573 --- [RomStation] [           main] b.c.d.b.h.controller.AccountController   : Account doesn't found
]]></system-out>
  </testcase>
  <testcase name="mustReturnBusinessExceptionWhenDeposit" classname="br.com.dreerd.bank.hyper.controller.AccountControllerTest" time="0.012">
    <system-out><![CDATA[2024-08-21T23:57:47.753-03:00  INFO 8573 --- [RomStation] [           main] b.c.d.b.h.controller.AccountController   : Account doesn't found
]]></system-out>
  </testcase>
  <testcase name="mustReturnBusinessExceptionInternalErrorWhenSave" classname="br.com.dreerd.bank.hyper.controller.AccountControllerTest" time="0.014">
    <system-out><![CDATA[
MockHttpServletRequest:
      HTTP Method = POST
      Request URI = /accounts
       Parameters = {}
          Headers = [Content-Type:"application/json;charset=UTF-8", Content-Length:"1521"]
             Body = {
  "id" : "a347948a-04f4-481e-bbed-773ab43cba6e",
  "number" : 1,
  "person" : {
    "id" : "481018a2-5f51-48e5-baa3-03aac48cffde",
    "name" : "John",
    "surname" : "Doe",
    "contacts" : [ {
      "id" : "55550290-c66b-420b-ba9a-752be83cc537",
      "type" : "EMAIL",
      "value" : "your_name@email.com",
      "createdAt" : [ 2024, 8, 21, 23, 57, 47, 763448000 ],
      "updatedAt" : [ 2024, 8, 22, 4, 57, 47, 763452000 ],
      "active" : true,
      "main" : true
    } ],
    "addresses" : [ {
      "id" : "1df08bea-7302-48c4-9a98-c8f9bc455c24",
      "addressType" : "BUSINESS",
      "street" : "767 5th Ave",
      "number" : "",
      "complement" : "",
      "neighborhood" : "",
      "city" : "New York",
      "state" : "NY",
      "postalCode" : "10153",
      "country" : "US",
      "createdAt" : [ 2024, 8, 21, 23, 57, 47, 763541000 ],
      "updatedAt" : [ 2024, 8, 22, 4, 57, 47, 763542000 ],
      "active" : true,
      "main" : true
    } ],
    "documents" : [ {
      "id" : "038b3a3b-7efa-44cf-82c0-b2c53dc8f51a",
      "documentType" : "CPF",
      "value" : "123.456.789-00",
      "createdAt" : null,
      "updatedAt" : null,
      "active" : true
    } ],
    "birthday" : [ 2024, 8, 21 ],
    "createdAt" : [ 2024, 8, 21, 23, 57, 47, 763607000 ],
    "updatedAt" : [ 2024, 8, 22, 4, 57, 47, 763608000 ],
    "active" : true
  },
  "balance" : 100000,
  "createdAt" : [ 2024, 8, 21, 23, 57, 47, 763641000 ],
  "updatedAt" : [ 2024, 8, 22, 4, 57, 47, 763642000 ],
  "active" : true
}
    Session Attrs = {}

Handler:
             Type = br.com.dreerd.bank.hyper.controller.AccountController
           Method = br.com.dreerd.bank.hyper.controller.AccountController#save(BaseModel, HttpServletRequest)

Async:
    Async started = false
     Async result = null

Resolved Exception:
             Type = br.com.dreerd.bank.hyper.exception.BusinessException

ModelAndView:
        View name = null
             View = null
            Model = null

FlashMap:
       Attributes = null

MockHttpServletResponse:
           Status = 200
    Error message = null
          Headers = [Content-Type:"application/json"]
     Content type = application/json
             Body = {"localDateTime":"2024-08-21T23:57:47.768087","code":"500","status":"ERROR","details":"Not has possible save operation"}
    Forwarded URL = null
   Redirected URL = null
          Cookies = []
]]></system-out>
  </testcase>
  <testcase name="mustReturnSuccessWhenInternalTransfer" classname="br.com.dreerd.bank.hyper.controller.AccountControllerTest" time="0.009"/>
  <testcase name="mustReturnSuccessWhenEdit" classname="br.com.dreerd.bank.hyper.controller.AccountControllerTest" time="0.012">
    <system-out><![CDATA[
MockHttpServletRequest:
      HTTP Method = PUT
      Request URI = /accounts/cb54a6c9-121c-4f35-ba07-b6e27aafbfce
       Parameters = {}
          Headers = [Content-Type:"application/json;charset=UTF-8", Content-Length:"1521"]
             Body = {
  "id" : "cb54a6c9-121c-4f35-ba07-b6e27aafbfce",
  "number" : 1,
  "person" : {
    "id" : "3a000482-d8a0-4f05-b9af-d6f282311d8a",
    "name" : "John",
    "surname" : "Doe",
    "contacts" : [ {
      "id" : "691ee2fd-d96d-4f0c-8b44-ffc42c32157d",
      "type" : "EMAIL",
      "value" : "your_name@email.com",
      "createdAt" : [ 2024, 8, 21, 23, 57, 47, 791329000 ],
      "updatedAt" : [ 2024, 8, 22, 4, 57, 47, 791344000 ],
      "active" : true,
      "main" : true
    } ],
    "addresses" : [ {
      "id" : "b88b9392-1df9-471e-81f4-e0688049fa9d",
      "addressType" : "BUSINESS",
      "street" : "767 5th Ave",
      "number" : "",
      "complement" : "",
      "neighborhood" : "",
      "city" : "New York",
      "state" : "NY",
      "postalCode" : "10153",
      "country" : "US",
      "createdAt" : [ 2024, 8, 21, 23, 57, 47, 791418000 ],
      "updatedAt" : [ 2024, 8, 22, 4, 57, 47, 791420000 ],
      "active" : true,
      "main" : true
    } ],
    "documents" : [ {
      "id" : "89711b9b-675f-4923-9e61-16b7f9a15216",
      "documentType" : "CPF",
      "value" : "123.456.789-00",
      "createdAt" : null,
      "updatedAt" : null,
      "active" : true
    } ],
    "birthday" : [ 2024, 8, 21 ],
    "createdAt" : [ 2024, 8, 21, 23, 57, 47, 791500000 ],
    "updatedAt" : [ 2024, 8, 22, 4, 57, 47, 791501000 ],
    "active" : true
  },
  "balance" : 100000,
  "createdAt" : [ 2024, 8, 21, 23, 57, 47, 791535000 ],
  "updatedAt" : [ 2024, 8, 22, 4, 57, 47, 791536000 ],
  "active" : true
}
    Session Attrs = {}

Handler:
             Type = br.com.dreerd.bank.hyper.controller.AccountController
           Method = br.com.dreerd.bank.hyper.controller.AccountController#edit(UUID, BaseModel)

Async:
    Async started = false
     Async result = null

Resolved Exception:
             Type = null

ModelAndView:
        View name = null
             View = null
            Model = null

FlashMap:
       Attributes = null

MockHttpServletResponse:
           Status = 200
    Error message = null
          Headers = [Content-Type:"application/json"]
     Content type = application/json
             Body = {"id":"cb54a6c9-121c-4f35-ba07-b6e27aafbfce","number":1,"person":{"id":"3a000482-d8a0-4f05-b9af-d6f282311d8a","name":"John","surname":"Doe","contacts":[{"id":"691ee2fd-d96d-4f0c-8b44-ffc42c32157d","type":"EMAIL","value":"your_name@email.com","createdAt":"2024-08-21T23:57:47.791329","updatedAt":"2024-08-22T04:57:47.791344","active":true,"main":true}],"addresses":[{"id":"b88b9392-1df9-471e-81f4-e0688049fa9d","addressType":"BUSINESS","street":"767 5th Ave","number":"","complement":"","neighborhood":"","city":"New York","state":"NY","postalCode":"10153","country":"US","createdAt":"2024-08-21T23:57:47.791418","updatedAt":"2024-08-22T04:57:47.79142","active":true,"main":true}],"documents":[{"id":"89711b9b-675f-4923-9e61-16b7f9a15216","documentType":"CPF","value":"123.456.789-00","createdAt":null,"updatedAt":null,"active":true}],"birthday":"2024-08-21","createdAt":"2024-08-21T23:57:47.7915","updatedAt":"2024-08-22T04:57:47.791501","active":true},"balance":100000,"createdAt":"2024-08-21T23:57:47.791535","updatedAt":"2024-08-22T04:57:47.791536","active":true}
    Forwarded URL = null
   Redirected URL = null
          Cookies = []
]]></system-out>
  </testcase>
  <testcase name="mustReturnSuccessWhenList" classname="br.com.dreerd.bank.hyper.controller.AccountControllerTest" time="0.011"/>
  <testcase name="mustReturnSuccessWhenSave" classname="br.com.dreerd.bank.hyper.controller.AccountControllerTest" time="0.012">
    <system-out><![CDATA[
MockHttpServletRequest:
      HTTP Method = POST
      Request URI = /accounts
       Parameters = {}
          Headers = [Content-Type:"application/json;charset=UTF-8", Content-Length:"1521"]
             Body = {
  "id" : "5b0afde8-f1b4-4d43-9c36-85b93661e479",
  "number" : 1,
  "person" : {
    "id" : "a13131dd-a3e8-4d90-a20f-05bd1eb77d83",
    "name" : "John",
    "surname" : "Doe",
    "contacts" : [ {
      "id" : "6d4df8fc-218b-4415-bd6e-e6d3963edb17",
      "type" : "EMAIL",
      "value" : "your_name@email.com",
      "createdAt" : [ 2024, 8, 21, 23, 57, 47, 817346000 ],
      "updatedAt" : [ 2024, 8, 22, 4, 57, 47, 817350000 ],
      "active" : true,
      "main" : true
    } ],
    "addresses" : [ {
      "id" : "2f321704-30b6-4645-ab47-99734c8878d0",
      "addressType" : "BUSINESS",
      "street" : "767 5th Ave",
      "number" : "",
      "complement" : "",
      "neighborhood" : "",
      "city" : "New York",
      "state" : "NY",
      "postalCode" : "10153",
      "country" : "US",
      "createdAt" : [ 2024, 8, 21, 23, 57, 47, 817413000 ],
      "updatedAt" : [ 2024, 8, 22, 4, 57, 47, 817414000 ],
      "active" : true,
      "main" : true
    } ],
    "documents" : [ {
      "id" : "fda68d9f-fe09-4d64-9fad-6738802d4f63",
      "documentType" : "CPF",
      "value" : "123.456.789-00",
      "createdAt" : null,
      "updatedAt" : null,
      "active" : true
    } ],
    "birthday" : [ 2024, 8, 21 ],
    "createdAt" : [ 2024, 8, 21, 23, 57, 47, 817476000 ],
    "updatedAt" : [ 2024, 8, 22, 4, 57, 47, 817477000 ],
    "active" : true
  },
  "balance" : 100000,
  "createdAt" : [ 2024, 8, 21, 23, 57, 47, 817508000 ],
  "updatedAt" : [ 2024, 8, 22, 4, 57, 47, 817509000 ],
  "active" : true
}
    Session Attrs = {}

Handler:
             Type = br.com.dreerd.bank.hyper.controller.AccountController
           Method = br.com.dreerd.bank.hyper.controller.AccountController#save(BaseModel, HttpServletRequest)

Async:
    Async started = false
     Async result = null

Resolved Exception:
             Type = null

ModelAndView:
        View name = null
             View = null
            Model = null

FlashMap:
       Attributes = null

MockHttpServletResponse:
           Status = 201
    Error message = null
          Headers = [Location:"http://localhost/accounts/5b0afde8-f1b4-4d43-9c36-85b93661e479", Content-Type:"application/json"]
     Content type = application/json
             Body = {"id":"5b0afde8-f1b4-4d43-9c36-85b93661e479","number":1,"person":{"id":"a13131dd-a3e8-4d90-a20f-05bd1eb77d83","name":"John","surname":"Doe","contacts":[{"id":"6d4df8fc-218b-4415-bd6e-e6d3963edb17","type":"EMAIL","value":"your_name@email.com","createdAt":"2024-08-21T23:57:47.817346","updatedAt":"2024-08-22T04:57:47.81735","active":true,"main":true}],"addresses":[{"id":"2f321704-30b6-4645-ab47-99734c8878d0","addressType":"BUSINESS","street":"767 5th Ave","number":"","complement":"","neighborhood":"","city":"New York","state":"NY","postalCode":"10153","country":"US","createdAt":"2024-08-21T23:57:47.817413","updatedAt":"2024-08-22T04:57:47.817414","active":true,"main":true}],"documents":[{"id":"fda68d9f-fe09-4d64-9fad-6738802d4f63","documentType":"CPF","value":"123.456.789-00","createdAt":null,"updatedAt":null,"active":true}],"birthday":"2024-08-21","createdAt":"2024-08-21T23:57:47.817476","updatedAt":"2024-08-22T04:57:47.817477","active":true},"balance":100000,"createdAt":"2024-08-21T23:57:47.817508","updatedAt":"2024-08-22T04:57:47.817509","active":true}
    Forwarded URL = null
   Redirected URL = http://localhost/accounts/5b0afde8-f1b4-4d43-9c36-85b93661e479
          Cookies = []
]]></system-out>
  </testcase>
  <testcase name="mustReturnSuccessWhenGetBalance" classname="br.com.dreerd.bank.hyper.controller.AccountControllerTest" time="0.011"/>
  <testcase name="mustReturnSuccessWhenFindById" classname="br.com.dreerd.bank.hyper.controller.AccountControllerTest" time="0.008"/>
  <testcase name="mustReturnBusinessExceptionNotFoundWhenFindByAccountNumber" classname="br.com.dreerd.bank.hyper.controller.AccountControllerTest" time="0.009">
    <system-out><![CDATA[2024-08-21T23:57:47.855-03:00  INFO 8573 --- [RomStation] [           main] b.c.d.b.h.controller.AccountController   : Account doesn't found
]]></system-out>
  </testcase>
  <testcase name="mustReturnBusinessExceptionNotFoundWhenEdit" classname="br.com.dreerd.bank.hyper.controller.AccountControllerTest" time="0.011">
    <system-out><![CDATA[
MockHttpServletRequest:
      HTTP Method = PUT
      Request URI = /accounts/a341afe5-4dcb-4760-b3c2-b2b5e32264c0
       Parameters = {}
          Headers = [Content-Type:"application/json;charset=UTF-8", Content-Length:"1521"]
             Body = {
  "id" : "a341afe5-4dcb-4760-b3c2-b2b5e32264c0",
  "number" : 1,
  "person" : {
    "id" : "05e2e853-0c0d-4b2a-9242-2a05eb90d134",
    "name" : "John",
    "surname" : "Doe",
    "contacts" : [ {
      "id" : "78d5eb40-da54-40ec-8cb1-fce7cb27e0cd",
      "type" : "EMAIL",
      "value" : "your_name@email.com",
      "createdAt" : [ 2024, 8, 21, 23, 57, 47, 863060000 ],
      "updatedAt" : [ 2024, 8, 22, 4, 57, 47, 863064000 ],
      "active" : true,
      "main" : true
    } ],
    "addresses" : [ {
      "id" : "cb4d170f-af46-4421-bf2d-14727dba6a4d",
      "addressType" : "BUSINESS",
      "street" : "767 5th Ave",
      "number" : "",
      "complement" : "",
      "neighborhood" : "",
      "city" : "New York",
      "state" : "NY",
      "postalCode" : "10153",
      "country" : "US",
      "createdAt" : [ 2024, 8, 21, 23, 57, 47, 863129000 ],
      "updatedAt" : [ 2024, 8, 22, 4, 57, 47, 863130000 ],
      "active" : true,
      "main" : true
    } ],
    "documents" : [ {
      "id" : "25a9833e-520e-46f9-b3ca-42d2e6cd169b",
      "documentType" : "CPF",
      "value" : "123.456.789-00",
      "createdAt" : null,
      "updatedAt" : null,
      "active" : true
    } ],
    "birthday" : [ 2024, 8, 21 ],
    "createdAt" : [ 2024, 8, 21, 23, 57, 47, 863186000 ],
    "updatedAt" : [ 2024, 8, 22, 4, 57, 47, 863187000 ],
    "active" : true
  },
  "balance" : 100000,
  "createdAt" : [ 2024, 8, 21, 23, 57, 47, 863229000 ],
  "updatedAt" : [ 2024, 8, 22, 4, 57, 47, 863230000 ],
  "active" : true
}
    Session Attrs = {}

Handler:
             Type = br.com.dreerd.bank.hyper.controller.AccountController
           Method = br.com.dreerd.bank.hyper.controller.AccountController#edit(UUID, BaseModel)

Async:
    Async started = false
     Async result = null

Resolved Exception:
             Type = br.com.dreerd.bank.hyper.exception.BusinessException

ModelAndView:
        View name = null
             View = null
            Model = null

FlashMap:
       Attributes = null

MockHttpServletResponse:
           Status = 200
    Error message = null
          Headers = [Content-Type:"application/json"]
     Content type = application/json
             Body = {"localDateTime":"2024-08-21T23:57:47.866697","code":"404","status":"INFO","details":"Account doesn't found"}
    Forwarded URL = null
   Redirected URL = null
          Cookies = []
]]></system-out>
  </testcase>
</testsuite>